<?xml version="1.0" encoding="UTF-8"?>
<!-- Generated by org.testng.reporters.JUnitReportReporter -->
<testsuite skipped="0" hostname="Anusha" name="com.ecommerce.TestCases.TC_Add_customer" tests="1" failures="0" timestamp="11 Jun 2022 03:32:33 GMT" time="20.076" errors="0">
  <testcase name="AddCustomer" time="20.076" classname="com.ecommerce.TestCases.TC_Add_customer"/>
</testsuite> <!-- com.ecommerce.TestCases.TC_Add_customer -->
