<?xml version="1.0" encoding="UTF-8"?>
<!-- Generated by org.testng.reporters.JUnitReportReporter -->
<testsuite skipped="0" hostname="Anusha" name="com.ecommerce.TestCases.TC_Login_001" tests="1" failures="0" timestamp="11 Jun 2022 03:30:18 GMT" time="7.152" errors="0">
  <testcase name="login" time="7.152" classname="com.ecommerce.TestCases.TC_Login_001"/>
</testsuite> <!-- com.ecommerce.TestCases.TC_Login_001 -->
